<?xml version="1.0" encoding="UTF-8"?>
<!-- Generated by org.testng.reporters.JUnitXMLReporter -->
<testsuite hostname="DESKTOP-161DN0S" name="Test" tests="7" failures="1" timestamp="28 Aug 2019 06:10:47 GMT" time="74.857" errors="0">
  <testcase name="tc101" time="37.809" classname="tests.Module1"/>
  <testcase name="tc102" time="0.002" classname="tests.Module1"/>
  <testcase name="tc103" time="0.008" classname="tests.Module1"/>
  <testcase name="tc104" time="0.002" classname="tests.Module1"/>
  <testcase name="tc201" time="18.634" classname="tests.Module2"/>
  <testcase name="tc202" time="0.004" classname="tests.Module2"/>
  <testcase name="tc301" time="18.332" classname="tests.Module3">
    <failure type="java.lang.AssertionError" message="expected [true] but found [false]">
      <![CDATA[java.lang.AssertionError: expected [true] but found [false]
	at applicationPages.ReportLibrary.reportEvent(ReportLibrary.java:17)
	at applicationPages.Pg106_Education.clickSaveEdu(Pg106_Education.java:96)
	at tests.Module3.tc301(Module3.java:51)
... Removed 30 stack frames]]>
    </failure>
  </testcase> <!-- tc301 -->
</testsuite> <!-- Test -->
