<?xml version="1.0" encoding="UTF-8"?>
<testng-results skipped="0" failed="1" total="7" passed="6">
  <reporter-output>
  </reporter-output>
  <suite name="Suite" duration-ms="74857" started-at="2019-08-28T06:09:32Z" finished-at="2019-08-28T06:10:47Z">
    <groups>
    </groups>
    <test name="Test" duration-ms="74857" started-at="2019-08-28T06:09:32Z" finished-at="2019-08-28T06:10:47Z">
      <class name="tests.Module3">
        <test-method status="FAIL" signature="tc301()[pri:0, instance:tests.Module3@3ac3fd8b]" name="tc301" duration-ms="18332" started-at="2019-08-28T11:40:28Z" finished-at="2019-08-28T11:40:47Z">
          <exception class="java.lang.AssertionError">
            <message>
              <![CDATA[expected [true] but found [false]]]>
            </message>
            <full-stacktrace>
              <![CDATA[java.lang.AssertionError: expected [true] but found [false]
	at org.testng.Assert.fail(Assert.java:94)
	at org.testng.Assert.failNotEquals(Assert.java:513)
	at org.testng.Assert.assertEqualsImpl(Assert.java:135)
	at org.testng.Assert.assertEquals(Assert.java:116)
	at org.testng.Assert.assertEquals(Assert.java:305)
	at org.testng.Assert.assertEquals(Assert.java:315)
	at applicationPages.ReportLibrary.reportEvent(ReportLibrary.java:17)
	at applicationPages.Pg106_Education.clickSaveEdu(Pg106_Education.java:96)
	at tests.Module3.tc301(Module3.java:51)
	at sun.reflect.NativeMethodAccessorImpl.invoke0(Native Method)
	at sun.reflect.NativeMethodAccessorImpl.invoke(Unknown Source)
	at sun.reflect.DelegatingMethodAccessorImpl.invoke(Unknown Source)
	at java.lang.reflect.Method.invoke(Unknown Source)
	at org.testng.internal.MethodInvocationHelper.invokeMethod(MethodInvocationHelper.java:86)
	at org.testng.internal.Invoker.invokeMethod(Invoker.java:645)
	at org.testng.internal.Invoker.invokeTestMethod(Invoker.java:822)
	at org.testng.internal.Invoker.invokeTestMethods(Invoker.java:1130)
	at org.testng.internal.TestMethodWorker.invokeTestMethods(TestMethodWorker.java:129)
	at org.testng.internal.TestMethodWorker.run(TestMethodWorker.java:112)
	at org.testng.TestRunner.privateRun(TestRunner.java:782)
	at org.testng.TestRunner.run(TestRunner.java:632)
	at org.testng.SuiteRunner.runTest(SuiteRunner.java:366)
	at org.testng.SuiteRunner.runSequentially(SuiteRunner.java:361)
	at org.testng.SuiteRunner.privateRun(SuiteRunner.java:319)
	at org.testng.SuiteRunner.run(SuiteRunner.java:268)
	at org.testng.SuiteRunnerWorker.runSuite(SuiteRunnerWorker.java:52)
	at org.testng.SuiteRunnerWorker.run(SuiteRunnerWorker.java:86)
	at org.testng.TestNG.runSuitesSequentially(TestNG.java:1244)
	at org.testng.TestNG.runSuitesLocally(TestNG.java:1169)
	at org.testng.TestNG.run(TestNG.java:1064)
	at org.testng.remote.RemoteTestNG.run(RemoteTestNG.java:113)
	at org.testng.remote.RemoteTestNG.initAndRun(RemoteTestNG.java:206)
	at org.testng.remote.RemoteTestNG.main(RemoteTestNG.java:177)
]]>
            </full-stacktrace>
          </exception> <!-- java.lang.AssertionError -->
          <reporter-output>
          </reporter-output>
        </test-method> <!-- tc301 -->
      </class> <!-- tests.Module3 -->
      <class name="tests.Module1">
        <test-method status="PASS" signature="tc101()[pri:0, instance:tests.Module1@7c30a502]" name="tc101" duration-ms="37809" started-at="2019-08-28T11:39:32Z" finished-at="2019-08-28T11:40:10Z">
          <reporter-output>
          </reporter-output>
        </test-method> <!-- tc101 -->
        <test-method status="PASS" signature="tc102()[pri:0, instance:tests.Module1@7c30a502]" name="tc102" duration-ms="2" started-at="2019-08-28T11:40:10Z" finished-at="2019-08-28T11:40:10Z">
          <reporter-output>
          </reporter-output>
        </test-method> <!-- tc102 -->
        <test-method status="PASS" signature="tc103()[pri:0, instance:tests.Module1@7c30a502]" name="tc103" duration-ms="8" started-at="2019-08-28T11:40:10Z" finished-at="2019-08-28T11:40:10Z">
          <reporter-output>
          </reporter-output>
        </test-method> <!-- tc103 -->
        <test-method status="PASS" signature="tc104()[pri:0, instance:tests.Module1@7c30a502]" name="tc104" duration-ms="2" started-at="2019-08-28T11:40:10Z" finished-at="2019-08-28T11:40:10Z">
          <reporter-output>
          </reporter-output>
        </test-method> <!-- tc104 -->
      </class> <!-- tests.Module1 -->
      <class name="tests.Module2">
        <test-method status="PASS" signature="tc201()[pri:0, instance:tests.Module2@43a25848]" name="tc201" duration-ms="18634" started-at="2019-08-28T11:40:10Z" finished-at="2019-08-28T11:40:28Z">
          <reporter-output>
          </reporter-output>
        </test-method> <!-- tc201 -->
        <test-method status="PASS" signature="tc202()[pri:0, instance:tests.Module2@43a25848]" name="tc202" duration-ms="4" started-at="2019-08-28T11:40:28Z" finished-at="2019-08-28T11:40:28Z">
          <reporter-output>
          </reporter-output>
        </test-method> <!-- tc202 -->
      </class> <!-- tests.Module2 -->
    </test> <!-- Test -->
  </suite> <!-- Suite -->
</testng-results>
